0 info it worked if it ends with ok
1 verbose cli [ '/usr/bin/node', '/usr/bin/npm', 'run', 'dev-serv' ]
2 info using npm@3.5.2
3 info using node@v8.10.0
4 verbose run-script [ 'predev-serv', 'dev-serv', 'postdev-serv' ]
5 info lifecycle proto-tienda@1.0.0~predev-serv: proto-tienda@1.0.0
6 silly lifecycle proto-tienda@1.0.0~predev-serv: no script for predev-serv, continuing
7 info lifecycle proto-tienda@1.0.0~dev-serv: proto-tienda@1.0.0
8 verbose lifecycle proto-tienda@1.0.0~dev-serv: unsafe-perm in lifecycle true
9 verbose lifecycle proto-tienda@1.0.0~dev-serv: PATH: /usr/share/npm/bin/node-gyp-bin:/home/andrew/Documentos/web projects/proto-tienda/frontend/node_modules/.bin:/home/andrew/.local/bin:/usr/local/sbin:/usr/local/bin:/usr/sbin:/usr/bin:/sbin:/bin:/usr/games:/usr/local/games:/snap/bin
10 verbose lifecycle proto-tienda@1.0.0~dev-serv: CWD: /home/andrew/Documentos/web projects/proto-tienda/frontend
11 silly lifecycle proto-tienda@1.0.0~dev-serv: Args: [ '-c', 'webpack-dev-server --open' ]
12 info lifecycle proto-tienda@1.0.0~dev-serv: Failed to exec dev-serv script
13 verbose stack Error: proto-tienda@1.0.0 dev-serv: `webpack-dev-server --open`
13 verbose stack spawn ENOENT
13 verbose stack     at ChildProcess.<anonymous> (/usr/share/npm/lib/utils/spawn.js:17:16)
13 verbose stack     at emitTwo (events.js:126:13)
13 verbose stack     at ChildProcess.emit (events.js:214:7)
13 verbose stack     at maybeClose (internal/child_process.js:925:16)
13 verbose stack     at Process.ChildProcess._handle.onexit (internal/child_process.js:209:5)
14 verbose pkgid proto-tienda@1.0.0
15 verbose cwd /home/andrew/Documentos/web projects/proto-tienda/frontend
16 error Linux 4.15.0-112-generic
17 error argv "/usr/bin/node" "/usr/bin/npm" "run" "dev-serv"
18 error node v8.10.0
19 error npm  v3.5.2
20 error file sh
21 error code ELIFECYCLE
22 error errno ENOENT
23 error syscall spawn
24 error proto-tienda@1.0.0 dev-serv: `webpack-dev-server --open`
24 error spawn ENOENT
25 error Failed at the proto-tienda@1.0.0 dev-serv script 'webpack-dev-server --open'.
25 error Make sure you have the latest version of node.js and npm installed.
25 error If you do, this is most likely a problem with the proto-tienda package,
25 error not with npm itself.
25 error Tell the author that this fails on your system:
25 error     webpack-dev-server --open
25 error You can get information on how to open an issue for this project with:
25 error     npm bugs proto-tienda
25 error Or if that isn't available, you can get their info via:
25 error     npm owner ls proto-tienda
25 error There is likely additional logging output above.
26 verbose exit [ 1, true ]
